<?xml version="1.0" encoding="UTF-8"?>
<!-- Generated by org.testng.reporters.JUnitXMLReporter -->
<testsuite ignored="0" hostname="DESKTOP-HK1HHOV" failures="1" tests="1" name="ActitimeTest" time="51.879" errors="0" timestamp="2022-03-30T17:13:04 IST">
  <testcase classname="com.actitime.Tasks.VerifyTasksTest" name="verifyTasks" time="20.242">
    <failure type="java.lang.AssertionError" message="null">
      <![CDATA[java.lang.AssertionError: null
at com.actitime.Tasks.VerifyTasksTest.verifyTasks(VerifyTasksTest.java:28)
at java.base/java.util.ArrayList.forEach(ArrayList.java:1511)
... Removed 29 stack frames]]>
    </failure>
  </testcase> <!-- verifyTasks -->
</testsuite> <!-- ActitimeTest -->
